2025-06-15 11:18:14 | ERROR    | newsguard.utils.logger:error:140 - Missing required packages: ['spacy', 'transformers', 'torch', 'sklearn', 'plotly', 'dash']

2025-06-15 11:18:14 | ERROR    | newsguard.utils.logger:error:140 - Simulation test failed: stat: path should be string, bytes, os.PathLike or integer, not dict

2025-06-15 11:19:58 | ERROR    | newsguard.utils.logger:error:140 - Missing required packages: ['spacy', 'transformers', 'torch', 'sklearn', 'plotly', 'dash']

2025-06-15 11:19:58 | ERROR    | newsguard.utils.logger:error:140 - Simulation test failed: property 'agents_by_type' of 'SimulationEngine' object has no setter

2025-06-15 11:20:59 | ERROR    | newsguard.utils.logger:error:140 - Missing required packages: ['spacy', 'transformers', 'torch', 'sklearn', 'plotly', 'dash']

2025-06-15 11:20:59 | ERROR    | newsguard.utils.logger:error:140 - Simulation test failed: property 'agents_by_type' of 'SimulationEngine' object has no setter

2025-06-15 11:21:53 | ERROR    | newsguard.utils.logger:error:140 - Missing required packages: ['spacy', 'transformers', 'torch', 'sklearn', 'plotly', 'dash']

2025-06-15 11:21:53 | ERROR    | newsguard.utils.logger:error:140 - Simulation test failed: property 'agents_by_type' of 'SimulationEngine' object has no setter

2025-06-15 11:23:02 | ERROR    | newsguard.utils.logger:error:140 - Missing required packages: ['spacy', 'transformers', 'torch', 'sklearn', 'plotly', 'dash']

2025-06-15 11:23:02 | ERROR    | newsguard.utils.logger:error:140 - Simulation test failed: 'SimulationLogger' object has no attribute 'log_simulation_start'

2025-06-15 11:23:38 | ERROR    | newsguard.utils.logger:error:140 - Missing required packages: ['spacy', 'transformers', 'torch', 'sklearn', 'plotly', 'dash']

2025-06-15 11:23:38 | ERROR    | newsguard.utils.logger:error:140 - Simulation test failed: NewsOutlet.__init__() got an unexpected keyword argument 'name'

2025-06-15 11:24:12 | ERROR    | newsguard.utils.logger:error:140 - Missing required packages: ['spacy', 'transformers', 'torch', 'sklearn', 'plotly', 'dash']

2025-06-15 11:24:12 | ERROR    | newsguard.utils.logger:error:140 - Simulation test failed: object.__init__() takes exactly one argument (the instance to initialize)

2025-06-15 11:25:23 | ERROR    | newsguard.utils.logger:error:140 - Missing required packages: ['spacy', 'transformers', 'torch', 'sklearn', 'plotly', 'dash']

2025-06-15 11:25:23 | ERROR    | newsguard.utils.logger:error:140 - Simulation test failed: 'NoneType' object has no attribute 'add'

2025-06-15 11:25:40 | ERROR    | newsguard.utils.logger:error:140 - Missing required packages: ['spacy', 'transformers', 'torch', 'sklearn', 'plotly', 'dash']

2025-06-15 11:25:40 | ERROR    | newsguard.utils.logger:error:140 - Simulation test failed: 'StateManager' object has no attribute 'update_state'

2025-06-15 11:26:40 | ERROR    | newsguard.utils.logger:error:140 - Missing required packages: ['spacy', 'transformers', 'torch', 'sklearn', 'plotly', 'dash']

2025-06-15 11:26:40 | ERROR    | newsguard.utils.logger:error:140 - Simulation test failed: 'Config' object has no attribute 'logging_interval'

2025-06-15 11:27:40 | ERROR    | newsguard.utils.logger:error:140 - Missing required packages: ['spacy', 'transformers', 'torch', 'sklearn', 'plotly', 'dash']

2025-06-15 11:27:40 | ERROR    | newsguard.utils.logger:error:140 - Simulation test failed: unsupported operand type(s) for %: 'int' and 'NoneType'

2025-06-15 11:28:05 | ERROR    | newsguard.utils.logger:error:140 - Missing required packages: ['spacy', 'transformers', 'torch', 'sklearn', 'plotly', 'dash']

2025-06-15 11:28:05 | ERROR    | newsguard.utils.logger:error:140 - Simulation test failed: 'SimulationMetrics' object has no attribute 'content_metrics'

2025-06-15 11:28:43 | ERROR    | newsguard.utils.logger:error:140 - Missing required packages: ['spacy', 'transformers', 'torch', 'sklearn', 'plotly', 'dash']

