2025-06-15 11:18:14 | INFO     | newsguard.utils.logger:info:132 - NewsGuard Bangladesh v0.1.0 initialized
2025-06-15 11:18:14 | INFO     | newsguard.utils.logger:info:132 - Configuration loaded successfully
2025-06-15 11:18:14 | ERROR    | newsguard.utils.logger:error:140 - Missing required packages: ['spacy', 'transformers', 'torch', 'sklearn', 'plotly', 'dash']
2025-06-15 11:18:14 | WARNING  | newsguard.utils.logger:warning:136 - Some dependencies are missing. Please install them using: pip install -r requirements.txt
2025-06-15 11:18:14 | DEBUG    | newsguard.utils.logger:debug:128 - Content analyzer initialized
2025-06-15 11:18:14 | DEBUG    | newsguard.utils.logger:debug:128 - Content model initialized
2025-06-15 11:18:14 | DEBUG    | newsguard.utils.logger:debug:128 - Network model initialized
2025-06-15 11:18:14 | DEBUG    | newsguard.utils.logger:debug:128 - Trust model initialized
2025-06-15 11:18:14 | DEBUG    | newsguard.utils.logger:debug:128 - Economic model initialized
2025-06-15 11:18:14 | DEBUG    | newsguard.utils.logger:debug:128 - Behavior model initialized
2025-06-15 11:18:14 | DEBUG    | newsguard.utils.logger:debug:128 - Influence model initialized
2025-06-15 11:18:14 | INFO     | newsguard.utils.logger:info:132 - Starting simulation test
2025-06-15 11:18:14 | ERROR    | newsguard.utils.logger:error:140 - Simulation test failed: stat: path should be string, bytes, os.PathLike or integer, not dict
2025-06-15 11:19:58 | INFO     | newsguard.utils.logger:info:132 - NewsGuard Bangladesh v0.1.0 initialized
2025-06-15 11:19:58 | INFO     | newsguard.utils.logger:info:132 - Configuration loaded successfully
2025-06-15 11:19:58 | ERROR    | newsguard.utils.logger:error:140 - Missing required packages: ['spacy', 'transformers', 'torch', 'sklearn', 'plotly', 'dash']
2025-06-15 11:19:58 | WARNING  | newsguard.utils.logger:warning:136 - Some dependencies are missing. Please install them using: pip install -r requirements.txt
2025-06-15 11:19:58 | DEBUG    | newsguard.utils.logger:debug:128 - Content analyzer initialized
2025-06-15 11:19:58 | DEBUG    | newsguard.utils.logger:debug:128 - Content model initialized
2025-06-15 11:19:58 | DEBUG    | newsguard.utils.logger:debug:128 - Network model initialized
2025-06-15 11:19:58 | DEBUG    | newsguard.utils.logger:debug:128 - Trust model initialized
2025-06-15 11:19:58 | DEBUG    | newsguard.utils.logger:debug:128 - Economic model initialized
2025-06-15 11:19:58 | DEBUG    | newsguard.utils.logger:debug:128 - Behavior model initialized
2025-06-15 11:19:58 | DEBUG    | newsguard.utils.logger:debug:128 - Influence model initialized
2025-06-15 11:19:58 | INFO     | newsguard.utils.logger:info:132 - Starting simulation test
2025-06-15 11:19:58 | DEBUG    | newsguard.utils.logger:debug:128 - Event scheduler initialized
2025-06-15 11:19:58 | DEBUG    | newsguard.utils.logger:debug:128 - Metrics collector initialized
2025-06-15 11:19:58 | DEBUG    | newsguard.utils.logger:debug:128 - State manager initialized with directory: simulation_states
2025-06-15 11:19:58 | ERROR    | newsguard.utils.logger:error:140 - Simulation test failed: property 'agents_by_type' of 'SimulationEngine' object has no setter
2025-06-15 11:20:59 | INFO     | newsguard.utils.logger:info:132 - NewsGuard Bangladesh v0.1.0 initialized
2025-06-15 11:20:59 | INFO     | newsguard.utils.logger:info:132 - Configuration loaded successfully
2025-06-15 11:20:59 | ERROR    | newsguard.utils.logger:error:140 - Missing required packages: ['spacy', 'transformers', 'torch', 'sklearn', 'plotly', 'dash']
2025-06-15 11:20:59 | WARNING  | newsguard.utils.logger:warning:136 - Some dependencies are missing. Please install them using: pip install -r requirements.txt
2025-06-15 11:20:59 | DEBUG    | newsguard.utils.logger:debug:128 - Content analyzer initialized
2025-06-15 11:20:59 | DEBUG    | newsguard.utils.logger:debug:128 - Content model initialized
2025-06-15 11:20:59 | DEBUG    | newsguard.utils.logger:debug:128 - Network model initialized
2025-06-15 11:20:59 | DEBUG    | newsguard.utils.logger:debug:128 - Trust model initialized
2025-06-15 11:20:59 | DEBUG    | newsguard.utils.logger:debug:128 - Economic model initialized
2025-06-15 11:20:59 | DEBUG    | newsguard.utils.logger:debug:128 - Behavior model initialized
2025-06-15 11:20:59 | DEBUG    | newsguard.utils.logger:debug:128 - Influence model initialized
2025-06-15 11:20:59 | INFO     | newsguard.utils.logger:info:132 - Starting simulation test
2025-06-15 11:20:59 | DEBUG    | newsguard.utils.logger:debug:128 - Event scheduler initialized
2025-06-15 11:20:59 | DEBUG    | newsguard.utils.logger:debug:128 - Metrics collector initialized
2025-06-15 11:20:59 | DEBUG    | newsguard.utils.logger:debug:128 - State manager initialized with directory: simulation_states
2025-06-15 11:20:59 | ERROR    | newsguard.utils.logger:error:140 - Simulation test failed: property 'agents_by_type' of 'SimulationEngine' object has no setter
2025-06-15 11:21:53 | INFO     | newsguard.utils.logger:info:132 - NewsGuard Bangladesh v0.1.0 initialized
2025-06-15 11:21:53 | INFO     | newsguard.utils.logger:info:132 - Configuration loaded successfully
2025-06-15 11:21:53 | ERROR    | newsguard.utils.logger:error:140 - Missing required packages: ['spacy', 'transformers', 'torch', 'sklearn', 'plotly', 'dash']
2025-06-15 11:21:53 | WARNING  | newsguard.utils.logger:warning:136 - Some dependencies are missing. Please install them using: pip install -r requirements.txt
2025-06-15 11:21:53 | DEBUG    | newsguard.utils.logger:debug:128 - Content analyzer initialized
2025-06-15 11:21:53 | DEBUG    | newsguard.utils.logger:debug:128 - Content model initialized
2025-06-15 11:21:53 | DEBUG    | newsguard.utils.logger:debug:128 - Network model initialized
2025-06-15 11:21:53 | DEBUG    | newsguard.utils.logger:debug:128 - Trust model initialized
2025-06-15 11:21:53 | DEBUG    | newsguard.utils.logger:debug:128 - Economic model initialized
2025-06-15 11:21:53 | DEBUG    | newsguard.utils.logger:debug:128 - Behavior model initialized
2025-06-15 11:21:53 | DEBUG    | newsguard.utils.logger:debug:128 - Influence model initialized
2025-06-15 11:21:53 | INFO     | newsguard.utils.logger:info:132 - Starting simulation test
2025-06-15 11:21:53 | DEBUG    | newsguard.utils.logger:debug:128 - Event scheduler initialized
2025-06-15 11:21:53 | DEBUG    | newsguard.utils.logger:debug:128 - Metrics collector initialized
2025-06-15 11:21:53 | DEBUG    | newsguard.utils.logger:debug:128 - State manager initialized with directory: simulation_states
2025-06-15 11:21:53 | ERROR    | newsguard.utils.logger:error:140 - Simulation test failed: property 'agents_by_type' of 'SimulationEngine' object has no setter
2025-06-15 11:23:02 | INFO     | newsguard.utils.logger:info:132 - NewsGuard Bangladesh v0.1.0 initialized
2025-06-15 11:23:02 | INFO     | newsguard.utils.logger:info:132 - Configuration loaded successfully
2025-06-15 11:23:02 | ERROR    | newsguard.utils.logger:error:140 - Missing required packages: ['spacy', 'transformers', 'torch', 'sklearn', 'plotly', 'dash']
2025-06-15 11:23:02 | WARNING  | newsguard.utils.logger:warning:136 - Some dependencies are missing. Please install them using: pip install -r requirements.txt
2025-06-15 11:23:02 | DEBUG    | newsguard.utils.logger:debug:128 - Content analyzer initialized
2025-06-15 11:23:02 | DEBUG    | newsguard.utils.logger:debug:128 - Content model initialized
2025-06-15 11:23:02 | DEBUG    | newsguard.utils.logger:debug:128 - Network model initialized
2025-06-15 11:23:02 | DEBUG    | newsguard.utils.logger:debug:128 - Trust model initialized
2025-06-15 11:23:02 | DEBUG    | newsguard.utils.logger:debug:128 - Economic model initialized
2025-06-15 11:23:02 | DEBUG    | newsguard.utils.logger:debug:128 - Behavior model initialized
2025-06-15 11:23:02 | DEBUG    | newsguard.utils.logger:debug:128 - Influence model initialized
2025-06-15 11:23:02 | INFO     | newsguard.utils.logger:info:132 - Starting simulation test
2025-06-15 11:23:02 | DEBUG    | newsguard.utils.logger:debug:128 - Event scheduler initialized
2025-06-15 11:23:02 | DEBUG    | newsguard.utils.logger:debug:128 - Metrics collector initialized
2025-06-15 11:23:02 | DEBUG    | newsguard.utils.logger:debug:128 - State manager initialized with directory: simulation_states
2025-06-15 11:23:02 | INFO     | newsguard.utils.logger:info:132 - Simulation engine initialized: d685cab7-edff-4ecc-9444-8b3860dec3fe
2025-06-15 11:23:02 | ERROR    | newsguard.utils.logger:error:140 - Simulation test failed: 'SimulationLogger' object has no attribute 'log_simulation_start'
2025-06-15 11:23:38 | INFO     | newsguard.utils.logger:info:132 - NewsGuard Bangladesh v0.1.0 initialized
2025-06-15 11:23:38 | INFO     | newsguard.utils.logger:info:132 - Configuration loaded successfully
2025-06-15 11:23:38 | ERROR    | newsguard.utils.logger:error:140 - Missing required packages: ['spacy', 'transformers', 'torch', 'sklearn', 'plotly', 'dash']
2025-06-15 11:23:38 | WARNING  | newsguard.utils.logger:warning:136 - Some dependencies are missing. Please install them using: pip install -r requirements.txt
2025-06-15 11:23:38 | DEBUG    | newsguard.utils.logger:debug:128 - Content analyzer initialized
2025-06-15 11:23:38 | DEBUG    | newsguard.utils.logger:debug:128 - Content model initialized
2025-06-15 11:23:38 | DEBUG    | newsguard.utils.logger:debug:128 - Network model initialized
2025-06-15 11:23:38 | DEBUG    | newsguard.utils.logger:debug:128 - Trust model initialized
2025-06-15 11:23:38 | DEBUG    | newsguard.utils.logger:debug:128 - Economic model initialized
2025-06-15 11:23:38 | DEBUG    | newsguard.utils.logger:debug:128 - Behavior model initialized
2025-06-15 11:23:38 | DEBUG    | newsguard.utils.logger:debug:128 - Influence model initialized
2025-06-15 11:23:38 | INFO     | newsguard.utils.logger:info:132 - Starting simulation test
2025-06-15 11:23:38 | DEBUG    | newsguard.utils.logger:debug:128 - Event scheduler initialized
2025-06-15 11:23:38 | DEBUG    | newsguard.utils.logger:debug:128 - Metrics collector initialized
2025-06-15 11:23:38 | DEBUG    | newsguard.utils.logger:debug:128 - State manager initialized with directory: simulation_states
2025-06-15 11:23:38 | INFO     | newsguard.utils.logger:info:132 - Simulation engine initialized: 78b15e08-c89e-4717-8305-6f19a027083a
2025-06-15 11:23:38 | INFO     | newsguard.utils.logger:info:132 - Simulation 78b15e08-c89e-4717-8305-6f19a027083a started
2025-06-15 11:23:38 | INFO     | newsguard.utils.logger:info:132 - Simulation engine initialized successfully
2025-06-15 11:23:38 | ERROR    | newsguard.utils.logger:error:140 - Simulation test failed: NewsOutlet.__init__() got an unexpected keyword argument 'name'
2025-06-15 11:24:12 | INFO     | newsguard.utils.logger:info:132 - NewsGuard Bangladesh v0.1.0 initialized
2025-06-15 11:24:12 | INFO     | newsguard.utils.logger:info:132 - Configuration loaded successfully
2025-06-15 11:24:12 | ERROR    | newsguard.utils.logger:error:140 - Missing required packages: ['spacy', 'transformers', 'torch', 'sklearn', 'plotly', 'dash']
2025-06-15 11:24:12 | WARNING  | newsguard.utils.logger:warning:136 - Some dependencies are missing. Please install them using: pip install -r requirements.txt
2025-06-15 11:24:12 | DEBUG    | newsguard.utils.logger:debug:128 - Content analyzer initialized
2025-06-15 11:24:12 | DEBUG    | newsguard.utils.logger:debug:128 - Content model initialized
2025-06-15 11:24:12 | DEBUG    | newsguard.utils.logger:debug:128 - Network model initialized
2025-06-15 11:24:12 | DEBUG    | newsguard.utils.logger:debug:128 - Trust model initialized
2025-06-15 11:24:12 | DEBUG    | newsguard.utils.logger:debug:128 - Economic model initialized
2025-06-15 11:24:12 | DEBUG    | newsguard.utils.logger:debug:128 - Behavior model initialized
2025-06-15 11:24:12 | DEBUG    | newsguard.utils.logger:debug:128 - Influence model initialized
2025-06-15 11:24:12 | INFO     | newsguard.utils.logger:info:132 - Starting simulation test
2025-06-15 11:24:12 | DEBUG    | newsguard.utils.logger:debug:128 - Event scheduler initialized
2025-06-15 11:24:12 | DEBUG    | newsguard.utils.logger:debug:128 - Metrics collector initialized
2025-06-15 11:24:12 | DEBUG    | newsguard.utils.logger:debug:128 - State manager initialized with directory: simulation_states
2025-06-15 11:24:12 | INFO     | newsguard.utils.logger:info:132 - Simulation engine initialized: fa65b4d3-504f-4fa5-8866-f04f054a51f3
2025-06-15 11:24:12 | INFO     | newsguard.utils.logger:info:132 - Simulation fa65b4d3-504f-4fa5-8866-f04f054a51f3 started
2025-06-15 11:24:12 | INFO     | newsguard.utils.logger:info:132 - Simulation engine initialized successfully
2025-06-15 11:24:12 | ERROR    | newsguard.utils.logger:error:140 - Simulation test failed: object.__init__() takes exactly one argument (the instance to initialize)
2025-06-15 11:25:23 | INFO     | newsguard.utils.logger:info:132 - NewsGuard Bangladesh v0.1.0 initialized
2025-06-15 11:25:23 | INFO     | newsguard.utils.logger:info:132 - Configuration loaded successfully
2025-06-15 11:25:23 | ERROR    | newsguard.utils.logger:error:140 - Missing required packages: ['spacy', 'transformers', 'torch', 'sklearn', 'plotly', 'dash']
2025-06-15 11:25:23 | WARNING  | newsguard.utils.logger:warning:136 - Some dependencies are missing. Please install them using: pip install -r requirements.txt
2025-06-15 11:25:23 | DEBUG    | newsguard.utils.logger:debug:128 - Content analyzer initialized
2025-06-15 11:25:23 | DEBUG    | newsguard.utils.logger:debug:128 - Content model initialized
2025-06-15 11:25:23 | DEBUG    | newsguard.utils.logger:debug:128 - Network model initialized
2025-06-15 11:25:23 | DEBUG    | newsguard.utils.logger:debug:128 - Trust model initialized
2025-06-15 11:25:23 | DEBUG    | newsguard.utils.logger:debug:128 - Economic model initialized
2025-06-15 11:25:23 | DEBUG    | newsguard.utils.logger:debug:128 - Behavior model initialized
2025-06-15 11:25:23 | DEBUG    | newsguard.utils.logger:debug:128 - Influence model initialized
2025-06-15 11:25:23 | INFO     | newsguard.utils.logger:info:132 - Starting simulation test
2025-06-15 11:25:23 | DEBUG    | newsguard.utils.logger:debug:128 - Event scheduler initialized
2025-06-15 11:25:23 | DEBUG    | newsguard.utils.logger:debug:128 - Metrics collector initialized
2025-06-15 11:25:23 | DEBUG    | newsguard.utils.logger:debug:128 - State manager initialized with directory: simulation_states
2025-06-15 11:25:23 | INFO     | newsguard.utils.logger:info:132 - Simulation engine initialized: f4d4d3da-7e29-4909-b96e-9bac92169de8
2025-06-15 11:25:23 | INFO     | newsguard.utils.logger:info:132 - Simulation f4d4d3da-7e29-4909-b96e-9bac92169de8 started
2025-06-15 11:25:23 | INFO     | newsguard.utils.logger:info:132 - Simulation engine initialized successfully
2025-06-15 11:25:23 | DEBUG    | newsguard.utils.logger:debug:128 - Added capability content_creation to agent outlet_0
2025-06-15 11:25:23 | DEBUG    | newsguard.utils.logger:debug:128 - Added capability content_sharing to agent outlet_0
2025-06-15 11:25:23 | DEBUG    | newsguard.utils.logger:debug:128 - Added capability economic_activity to agent outlet_0
2025-06-15 11:25:23 | DEBUG    | newsguard.utils.logger:debug:128 - Initialized news outlet: outlet_0 (mainstream_newspaper)
2025-06-15 11:25:23 | DEBUG    | newsguard.utils.logger:debug:128 - Initialized news_outlet agent: outlet_0
2025-06-15 11:25:23 | ERROR    | newsguard.utils.logger:error:140 - Simulation test failed: 'NoneType' object has no attribute 'add'
2025-06-15 11:25:40 | INFO     | newsguard.utils.logger:info:132 - NewsGuard Bangladesh v0.1.0 initialized
2025-06-15 11:25:40 | INFO     | newsguard.utils.logger:info:132 - Configuration loaded successfully
2025-06-15 11:25:40 | ERROR    | newsguard.utils.logger:error:140 - Missing required packages: ['spacy', 'transformers', 'torch', 'sklearn', 'plotly', 'dash']
2025-06-15 11:25:40 | WARNING  | newsguard.utils.logger:warning:136 - Some dependencies are missing. Please install them using: pip install -r requirements.txt
2025-06-15 11:25:40 | DEBUG    | newsguard.utils.logger:debug:128 - Content analyzer initialized
2025-06-15 11:25:40 | DEBUG    | newsguard.utils.logger:debug:128 - Content model initialized
2025-06-15 11:25:40 | DEBUG    | newsguard.utils.logger:debug:128 - Network model initialized
2025-06-15 11:25:40 | DEBUG    | newsguard.utils.logger:debug:128 - Trust model initialized
2025-06-15 11:25:40 | DEBUG    | newsguard.utils.logger:debug:128 - Economic model initialized
2025-06-15 11:25:40 | DEBUG    | newsguard.utils.logger:debug:128 - Behavior model initialized
2025-06-15 11:25:40 | DEBUG    | newsguard.utils.logger:debug:128 - Influence model initialized
2025-06-15 11:25:40 | INFO     | newsguard.utils.logger:info:132 - Starting simulation test
2025-06-15 11:25:40 | DEBUG    | newsguard.utils.logger:debug:128 - Event scheduler initialized
2025-06-15 11:25:40 | DEBUG    | newsguard.utils.logger:debug:128 - Metrics collector initialized
2025-06-15 11:25:40 | DEBUG    | newsguard.utils.logger:debug:128 - State manager initialized with directory: simulation_states
2025-06-15 11:25:40 | INFO     | newsguard.utils.logger:info:132 - Simulation engine initialized: 199a88e2-9e9b-4159-8e49-620e43e2f83c
2025-06-15 11:25:40 | INFO     | newsguard.utils.logger:info:132 - Simulation 199a88e2-9e9b-4159-8e49-620e43e2f83c started
2025-06-15 11:25:40 | INFO     | newsguard.utils.logger:info:132 - Simulation engine initialized successfully
2025-06-15 11:25:40 | DEBUG    | newsguard.utils.logger:debug:128 - Added capability content_creation to agent outlet_0
2025-06-15 11:25:40 | DEBUG    | newsguard.utils.logger:debug:128 - Added capability content_sharing to agent outlet_0
2025-06-15 11:25:40 | DEBUG    | newsguard.utils.logger:debug:128 - Added capability economic_activity to agent outlet_0
2025-06-15 11:25:40 | DEBUG    | newsguard.utils.logger:debug:128 - Initialized news outlet: outlet_0 (mainstream_newspaper)
2025-06-15 11:25:40 | DEBUG    | newsguard.utils.logger:debug:128 - Initialized news_outlet agent: outlet_0
2025-06-15 11:25:40 | DEBUG    | newsguard.utils.logger:debug:128 - Added capability content_creation to agent outlet_1
2025-06-15 11:25:40 | DEBUG    | newsguard.utils.logger:debug:128 - Added capability content_sharing to agent outlet_1
2025-06-15 11:25:40 | DEBUG    | newsguard.utils.logger:debug:128 - Added capability economic_activity to agent outlet_1
2025-06-15 11:25:40 | DEBUG    | newsguard.utils.logger:debug:128 - Initialized news outlet: outlet_1 (mainstream_newspaper)
2025-06-15 11:25:40 | DEBUG    | newsguard.utils.logger:debug:128 - Initialized news_outlet agent: outlet_1
2025-06-15 11:25:40 | DEBUG    | newsguard.utils.logger:debug:128 - Added capability content_creation to agent outlet_2
2025-06-15 11:25:40 | DEBUG    | newsguard.utils.logger:debug:128 - Added capability content_sharing to agent outlet_2
2025-06-15 11:25:40 | DEBUG    | newsguard.utils.logger:debug:128 - Added capability economic_activity to agent outlet_2
2025-06-15 11:25:40 | DEBUG    | newsguard.utils.logger:debug:128 - Initialized news outlet: outlet_2 (mainstream_newspaper)
2025-06-15 11:25:40 | DEBUG    | newsguard.utils.logger:debug:128 - Initialized news_outlet agent: outlet_2
2025-06-15 11:25:40 | INFO     | newsguard.utils.logger:info:132 - Added 3 test agents
2025-06-15 11:25:40 | DEBUG    | newsguard.utils.logger:debug:128 - Metrics collected for step 0 in 0.0001s
2025-06-15 11:25:40 | ERROR    | newsguard.utils.logger:error:140 - Simulation test failed: 'StateManager' object has no attribute 'update_state'
2025-06-15 11:26:40 | INFO     | newsguard.utils.logger:info:132 - NewsGuard Bangladesh v0.1.0 initialized
2025-06-15 11:26:40 | INFO     | newsguard.utils.logger:info:132 - Configuration loaded successfully
2025-06-15 11:26:40 | ERROR    | newsguard.utils.logger:error:140 - Missing required packages: ['spacy', 'transformers', 'torch', 'sklearn', 'plotly', 'dash']
2025-06-15 11:26:40 | WARNING  | newsguard.utils.logger:warning:136 - Some dependencies are missing. Please install them using: pip install -r requirements.txt
2025-06-15 11:26:40 | DEBUG    | newsguard.utils.logger:debug:128 - Content analyzer initialized
2025-06-15 11:26:40 | DEBUG    | newsguard.utils.logger:debug:128 - Content model initialized
2025-06-15 11:26:40 | DEBUG    | newsguard.utils.logger:debug:128 - Network model initialized
2025-06-15 11:26:40 | DEBUG    | newsguard.utils.logger:debug:128 - Trust model initialized
2025-06-15 11:26:40 | DEBUG    | newsguard.utils.logger:debug:128 - Economic model initialized
2025-06-15 11:26:40 | DEBUG    | newsguard.utils.logger:debug:128 - Behavior model initialized
2025-06-15 11:26:40 | DEBUG    | newsguard.utils.logger:debug:128 - Influence model initialized
2025-06-15 11:26:40 | INFO     | newsguard.utils.logger:info:132 - Starting simulation test
2025-06-15 11:26:40 | DEBUG    | newsguard.utils.logger:debug:128 - Event scheduler initialized
2025-06-15 11:26:40 | DEBUG    | newsguard.utils.logger:debug:128 - Metrics collector initialized
2025-06-15 11:26:40 | DEBUG    | newsguard.utils.logger:debug:128 - State manager initialized with directory: simulation_states
2025-06-15 11:26:40 | INFO     | newsguard.utils.logger:info:132 - Simulation engine initialized: 4e8c5412-1241-4ef4-8f63-8de00fc5bc4e
2025-06-15 11:26:40 | INFO     | newsguard.utils.logger:info:132 - Simulation 4e8c5412-1241-4ef4-8f63-8de00fc5bc4e started
2025-06-15 11:26:40 | INFO     | newsguard.utils.logger:info:132 - Simulation engine initialized successfully
2025-06-15 11:26:40 | DEBUG    | newsguard.utils.logger:debug:128 - Added capability content_creation to agent outlet_0
2025-06-15 11:26:40 | DEBUG    | newsguard.utils.logger:debug:128 - Added capability content_sharing to agent outlet_0
2025-06-15 11:26:40 | DEBUG    | newsguard.utils.logger:debug:128 - Added capability economic_activity to agent outlet_0
2025-06-15 11:26:40 | DEBUG    | newsguard.utils.logger:debug:128 - Initialized news outlet: outlet_0 (mainstream_newspaper)
2025-06-15 11:26:40 | DEBUG    | newsguard.utils.logger:debug:128 - Initialized news_outlet agent: outlet_0
2025-06-15 11:26:40 | DEBUG    | newsguard.utils.logger:debug:128 - Added capability content_creation to agent outlet_1
2025-06-15 11:26:40 | DEBUG    | newsguard.utils.logger:debug:128 - Added capability content_sharing to agent outlet_1
2025-06-15 11:26:40 | DEBUG    | newsguard.utils.logger:debug:128 - Added capability economic_activity to agent outlet_1
2025-06-15 11:26:40 | DEBUG    | newsguard.utils.logger:debug:128 - Initialized news outlet: outlet_1 (mainstream_newspaper)
2025-06-15 11:26:40 | DEBUG    | newsguard.utils.logger:debug:128 - Initialized news_outlet agent: outlet_1
2025-06-15 11:26:40 | DEBUG    | newsguard.utils.logger:debug:128 - Added capability content_creation to agent outlet_2
2025-06-15 11:26:40 | DEBUG    | newsguard.utils.logger:debug:128 - Added capability content_sharing to agent outlet_2
2025-06-15 11:26:40 | DEBUG    | newsguard.utils.logger:debug:128 - Added capability economic_activity to agent outlet_2
2025-06-15 11:26:40 | DEBUG    | newsguard.utils.logger:debug:128 - Initialized news outlet: outlet_2 (mainstream_newspaper)
2025-06-15 11:26:40 | DEBUG    | newsguard.utils.logger:debug:128 - Initialized news_outlet agent: outlet_2
2025-06-15 11:26:40 | INFO     | newsguard.utils.logger:info:132 - Added 3 test agents
2025-06-15 11:26:40 | DEBUG    | newsguard.utils.logger:debug:128 - Metrics collected for step 0 in 0.0001s
2025-06-15 11:26:40 | ERROR    | newsguard.utils.logger:error:140 - Simulation test failed: 'Config' object has no attribute 'logging_interval'
2025-06-15 11:27:40 | INFO     | newsguard.utils.logger:info:132 - NewsGuard Bangladesh v0.1.0 initialized
2025-06-15 11:27:40 | INFO     | newsguard.utils.logger:info:132 - Configuration loaded successfully
2025-06-15 11:27:40 | ERROR    | newsguard.utils.logger:error:140 - Missing required packages: ['spacy', 'transformers', 'torch', 'sklearn', 'plotly', 'dash']
2025-06-15 11:27:40 | WARNING  | newsguard.utils.logger:warning:136 - Some dependencies are missing. Please install them using: pip install -r requirements.txt
2025-06-15 11:27:40 | DEBUG    | newsguard.utils.logger:debug:128 - Content analyzer initialized
2025-06-15 11:27:40 | DEBUG    | newsguard.utils.logger:debug:128 - Content model initialized
2025-06-15 11:27:40 | DEBUG    | newsguard.utils.logger:debug:128 - Network model initialized
2025-06-15 11:27:40 | DEBUG    | newsguard.utils.logger:debug:128 - Trust model initialized
2025-06-15 11:27:40 | DEBUG    | newsguard.utils.logger:debug:128 - Economic model initialized
2025-06-15 11:27:40 | DEBUG    | newsguard.utils.logger:debug:128 - Behavior model initialized
2025-06-15 11:27:40 | DEBUG    | newsguard.utils.logger:debug:128 - Influence model initialized
2025-06-15 11:27:40 | INFO     | newsguard.utils.logger:info:132 - Starting simulation test
2025-06-15 11:27:40 | DEBUG    | newsguard.utils.logger:debug:128 - Event scheduler initialized
2025-06-15 11:27:40 | DEBUG    | newsguard.utils.logger:debug:128 - Metrics collector initialized
2025-06-15 11:27:40 | DEBUG    | newsguard.utils.logger:debug:128 - State manager initialized with directory: simulation_states
2025-06-15 11:27:40 | INFO     | newsguard.utils.logger:info:132 - Simulation engine initialized: 23ce15c8-a843-45ce-874b-3a344c564fc5
2025-06-15 11:27:40 | INFO     | newsguard.utils.logger:info:132 - Simulation 23ce15c8-a843-45ce-874b-3a344c564fc5 started
2025-06-15 11:27:40 | INFO     | newsguard.utils.logger:info:132 - Simulation engine initialized successfully
2025-06-15 11:27:40 | DEBUG    | newsguard.utils.logger:debug:128 - Added capability content_creation to agent outlet_0
2025-06-15 11:27:40 | DEBUG    | newsguard.utils.logger:debug:128 - Added capability content_sharing to agent outlet_0
2025-06-15 11:27:40 | DEBUG    | newsguard.utils.logger:debug:128 - Added capability economic_activity to agent outlet_0
2025-06-15 11:27:40 | DEBUG    | newsguard.utils.logger:debug:128 - Initialized news outlet: outlet_0 (mainstream_newspaper)
2025-06-15 11:27:40 | DEBUG    | newsguard.utils.logger:debug:128 - Initialized news_outlet agent: outlet_0
2025-06-15 11:27:40 | DEBUG    | newsguard.utils.logger:debug:128 - Added capability content_creation to agent outlet_1
2025-06-15 11:27:40 | DEBUG    | newsguard.utils.logger:debug:128 - Added capability content_sharing to agent outlet_1
2025-06-15 11:27:40 | DEBUG    | newsguard.utils.logger:debug:128 - Added capability economic_activity to agent outlet_1
2025-06-15 11:27:40 | DEBUG    | newsguard.utils.logger:debug:128 - Initialized news outlet: outlet_1 (mainstream_newspaper)
2025-06-15 11:27:40 | DEBUG    | newsguard.utils.logger:debug:128 - Initialized news_outlet agent: outlet_1
2025-06-15 11:27:40 | DEBUG    | newsguard.utils.logger:debug:128 - Added capability content_creation to agent outlet_2
2025-06-15 11:27:40 | DEBUG    | newsguard.utils.logger:debug:128 - Added capability content_sharing to agent outlet_2
2025-06-15 11:27:40 | DEBUG    | newsguard.utils.logger:debug:128 - Added capability economic_activity to agent outlet_2
2025-06-15 11:27:40 | DEBUG    | newsguard.utils.logger:debug:128 - Initialized news outlet: outlet_2 (mainstream_newspaper)
2025-06-15 11:27:40 | DEBUG    | newsguard.utils.logger:debug:128 - Initialized news_outlet agent: outlet_2
2025-06-15 11:27:40 | INFO     | newsguard.utils.logger:info:132 - Added 3 test agents
2025-06-15 11:27:40 | DEBUG    | newsguard.utils.logger:debug:128 - Metrics collected for step 0 in 0.0001s
2025-06-15 11:27:40 | ERROR    | newsguard.utils.logger:error:140 - Simulation test failed: unsupported operand type(s) for %: 'int' and 'NoneType'
2025-06-15 11:28:05 | INFO     | newsguard.utils.logger:info:132 - NewsGuard Bangladesh v0.1.0 initialized
2025-06-15 11:28:05 | INFO     | newsguard.utils.logger:info:132 - Configuration loaded successfully
2025-06-15 11:28:05 | ERROR    | newsguard.utils.logger:error:140 - Missing required packages: ['spacy', 'transformers', 'torch', 'sklearn', 'plotly', 'dash']
2025-06-15 11:28:05 | WARNING  | newsguard.utils.logger:warning:136 - Some dependencies are missing. Please install them using: pip install -r requirements.txt
2025-06-15 11:28:05 | DEBUG    | newsguard.utils.logger:debug:128 - Content analyzer initialized
2025-06-15 11:28:05 | DEBUG    | newsguard.utils.logger:debug:128 - Content model initialized
2025-06-15 11:28:05 | DEBUG    | newsguard.utils.logger:debug:128 - Network model initialized
2025-06-15 11:28:05 | DEBUG    | newsguard.utils.logger:debug:128 - Trust model initialized
2025-06-15 11:28:05 | DEBUG    | newsguard.utils.logger:debug:128 - Economic model initialized
2025-06-15 11:28:05 | DEBUG    | newsguard.utils.logger:debug:128 - Behavior model initialized
2025-06-15 11:28:05 | DEBUG    | newsguard.utils.logger:debug:128 - Influence model initialized
2025-06-15 11:28:05 | INFO     | newsguard.utils.logger:info:132 - Starting simulation test
2025-06-15 11:28:05 | DEBUG    | newsguard.utils.logger:debug:128 - Event scheduler initialized
2025-06-15 11:28:05 | DEBUG    | newsguard.utils.logger:debug:128 - Metrics collector initialized
2025-06-15 11:28:05 | DEBUG    | newsguard.utils.logger:debug:128 - State manager initialized with directory: simulation_states
2025-06-15 11:28:05 | INFO     | newsguard.utils.logger:info:132 - Simulation engine initialized: 6f1a6bd5-f508-48fb-b365-53f1810a3ad2
2025-06-15 11:28:05 | INFO     | newsguard.utils.logger:info:132 - Simulation 6f1a6bd5-f508-48fb-b365-53f1810a3ad2 started
2025-06-15 11:28:05 | INFO     | newsguard.utils.logger:info:132 - Simulation engine initialized successfully
2025-06-15 11:28:05 | DEBUG    | newsguard.utils.logger:debug:128 - Added capability content_creation to agent outlet_0
2025-06-15 11:28:05 | DEBUG    | newsguard.utils.logger:debug:128 - Added capability content_sharing to agent outlet_0
2025-06-15 11:28:05 | DEBUG    | newsguard.utils.logger:debug:128 - Added capability economic_activity to agent outlet_0
2025-06-15 11:28:05 | DEBUG    | newsguard.utils.logger:debug:128 - Initialized news outlet: outlet_0 (mainstream_newspaper)
2025-06-15 11:28:05 | DEBUG    | newsguard.utils.logger:debug:128 - Initialized news_outlet agent: outlet_0
2025-06-15 11:28:05 | DEBUG    | newsguard.utils.logger:debug:128 - Added capability content_creation to agent outlet_1
2025-06-15 11:28:05 | DEBUG    | newsguard.utils.logger:debug:128 - Added capability content_sharing to agent outlet_1
2025-06-15 11:28:05 | DEBUG    | newsguard.utils.logger:debug:128 - Added capability economic_activity to agent outlet_1
2025-06-15 11:28:05 | DEBUG    | newsguard.utils.logger:debug:128 - Initialized news outlet: outlet_1 (mainstream_newspaper)
2025-06-15 11:28:05 | DEBUG    | newsguard.utils.logger:debug:128 - Initialized news_outlet agent: outlet_1
2025-06-15 11:28:05 | DEBUG    | newsguard.utils.logger:debug:128 - Added capability content_creation to agent outlet_2
2025-06-15 11:28:05 | DEBUG    | newsguard.utils.logger:debug:128 - Added capability content_sharing to agent outlet_2
2025-06-15 11:28:05 | DEBUG    | newsguard.utils.logger:debug:128 - Added capability economic_activity to agent outlet_2
2025-06-15 11:28:05 | DEBUG    | newsguard.utils.logger:debug:128 - Initialized news outlet: outlet_2 (mainstream_newspaper)
2025-06-15 11:28:05 | DEBUG    | newsguard.utils.logger:debug:128 - Initialized news_outlet agent: outlet_2
2025-06-15 11:28:05 | INFO     | newsguard.utils.logger:info:132 - Added 3 test agents
2025-06-15 11:28:05 | DEBUG    | newsguard.utils.logger:debug:128 - Metrics collected for step 0 in 0.0001s
2025-06-15 11:28:05 | DEBUG    | newsguard.utils.logger:debug:128 - step executed in 0.0005 seconds
2025-06-15 11:28:05 | DEBUG    | newsguard.utils.logger:debug:128 - Metrics collected for step 1 in 0.0000s
2025-06-15 11:28:05 | DEBUG    | newsguard.utils.logger:debug:128 - step executed in 0.0001 seconds
2025-06-15 11:28:05 | DEBUG    | newsguard.utils.logger:debug:128 - Metrics collected for step 2 in 0.0000s
2025-06-15 11:28:05 | DEBUG    | newsguard.utils.logger:debug:128 - step executed in 0.0001 seconds
2025-06-15 11:28:05 | DEBUG    | newsguard.utils.logger:debug:128 - Metrics collected for step 3 in 0.0000s
2025-06-15 11:28:05 | DEBUG    | newsguard.utils.logger:debug:128 - step executed in 0.0001 seconds
2025-06-15 11:28:05 | DEBUG    | newsguard.utils.logger:debug:128 - Metrics collected for step 4 in 0.0000s
2025-06-15 11:28:05 | DEBUG    | newsguard.utils.logger:debug:128 - step executed in 0.0001 seconds
2025-06-15 11:28:05 | ERROR    | newsguard.utils.logger:error:140 - Simulation test failed: 'SimulationMetrics' object has no attribute 'content_metrics'
2025-06-15 11:28:43 | INFO     | newsguard.utils.logger:info:132 - NewsGuard Bangladesh v0.1.0 initialized
2025-06-15 11:28:43 | INFO     | newsguard.utils.logger:info:132 - Configuration loaded successfully
2025-06-15 11:28:43 | ERROR    | newsguard.utils.logger:error:140 - Missing required packages: ['spacy', 'transformers', 'torch', 'sklearn', 'plotly', 'dash']
2025-06-15 11:28:43 | WARNING  | newsguard.utils.logger:warning:136 - Some dependencies are missing. Please install them using: pip install -r requirements.txt
2025-06-15 11:28:43 | DEBUG    | newsguard.utils.logger:debug:128 - Content analyzer initialized
2025-06-15 11:28:43 | DEBUG    | newsguard.utils.logger:debug:128 - Content model initialized
2025-06-15 11:28:43 | DEBUG    | newsguard.utils.logger:debug:128 - Network model initialized
2025-06-15 11:28:43 | DEBUG    | newsguard.utils.logger:debug:128 - Trust model initialized
2025-06-15 11:28:43 | DEBUG    | newsguard.utils.logger:debug:128 - Economic model initialized
2025-06-15 11:28:43 | DEBUG    | newsguard.utils.logger:debug:128 - Behavior model initialized
2025-06-15 11:28:43 | DEBUG    | newsguard.utils.logger:debug:128 - Influence model initialized
2025-06-15 11:28:43 | INFO     | newsguard.utils.logger:info:132 - Starting simulation test
2025-06-15 11:28:43 | DEBUG    | newsguard.utils.logger:debug:128 - Event scheduler initialized
2025-06-15 11:28:43 | DEBUG    | newsguard.utils.logger:debug:128 - Metrics collector initialized
2025-06-15 11:28:43 | DEBUG    | newsguard.utils.logger:debug:128 - State manager initialized with directory: simulation_states
2025-06-15 11:28:43 | INFO     | newsguard.utils.logger:info:132 - Simulation engine initialized: ea262c01-f1d6-4cad-9d8f-c4caf9fee237
2025-06-15 11:28:43 | INFO     | newsguard.utils.logger:info:132 - Simulation ea262c01-f1d6-4cad-9d8f-c4caf9fee237 started
2025-06-15 11:28:43 | INFO     | newsguard.utils.logger:info:132 - Simulation engine initialized successfully
2025-06-15 11:28:43 | DEBUG    | newsguard.utils.logger:debug:128 - Added capability content_creation to agent outlet_0
2025-06-15 11:28:43 | DEBUG    | newsguard.utils.logger:debug:128 - Added capability content_sharing to agent outlet_0
2025-06-15 11:28:43 | DEBUG    | newsguard.utils.logger:debug:128 - Added capability economic_activity to agent outlet_0
2025-06-15 11:28:43 | DEBUG    | newsguard.utils.logger:debug:128 - Initialized news outlet: outlet_0 (mainstream_newspaper)
2025-06-15 11:28:43 | DEBUG    | newsguard.utils.logger:debug:128 - Initialized news_outlet agent: outlet_0
2025-06-15 11:28:43 | DEBUG    | newsguard.utils.logger:debug:128 - Added capability content_creation to agent outlet_1
2025-06-15 11:28:43 | DEBUG    | newsguard.utils.logger:debug:128 - Added capability content_sharing to agent outlet_1
2025-06-15 11:28:43 | DEBUG    | newsguard.utils.logger:debug:128 - Added capability economic_activity to agent outlet_1
2025-06-15 11:28:43 | DEBUG    | newsguard.utils.logger:debug:128 - Initialized news outlet: outlet_1 (mainstream_newspaper)
2025-06-15 11:28:43 | DEBUG    | newsguard.utils.logger:debug:128 - Initialized news_outlet agent: outlet_1
2025-06-15 11:28:43 | DEBUG    | newsguard.utils.logger:debug:128 - Added capability content_creation to agent outlet_2
2025-06-15 11:28:43 | DEBUG    | newsguard.utils.logger:debug:128 - Added capability content_sharing to agent outlet_2
2025-06-15 11:28:43 | DEBUG    | newsguard.utils.logger:debug:128 - Added capability economic_activity to agent outlet_2
2025-06-15 11:28:43 | DEBUG    | newsguard.utils.logger:debug:128 - Initialized news outlet: outlet_2 (mainstream_newspaper)
2025-06-15 11:28:43 | DEBUG    | newsguard.utils.logger:debug:128 - Initialized news_outlet agent: outlet_2
2025-06-15 11:28:43 | INFO     | newsguard.utils.logger:info:132 - Added 3 test agents
2025-06-15 11:28:43 | DEBUG    | newsguard.utils.logger:debug:128 - Metrics collected for step 0 in 0.0001s
2025-06-15 11:28:43 | DEBUG    | newsguard.utils.logger:debug:128 - step executed in 0.0004 seconds
2025-06-15 11:28:43 | DEBUG    | newsguard.utils.logger:debug:128 - Metrics collected for step 1 in 0.0000s
2025-06-15 11:28:43 | DEBUG    | newsguard.utils.logger:debug:128 - step executed in 0.0001 seconds
2025-06-15 11:28:43 | DEBUG    | newsguard.utils.logger:debug:128 - Metrics collected for step 2 in 0.0000s
2025-06-15 11:28:43 | DEBUG    | newsguard.utils.logger:debug:128 - step executed in 0.0001 seconds
2025-06-15 11:28:43 | DEBUG    | newsguard.utils.logger:debug:128 - Metrics collected for step 3 in 0.0000s
2025-06-15 11:28:43 | DEBUG    | newsguard.utils.logger:debug:128 - step executed in 0.0001 seconds
2025-06-15 11:28:43 | DEBUG    | newsguard.utils.logger:debug:128 - Metrics collected for step 4 in 0.0000s
2025-06-15 11:28:43 | DEBUG    | newsguard.utils.logger:debug:128 - step executed in 0.0001 seconds
2025-06-15 11:28:43 | INFO     | newsguard.utils.logger:info:132 - Simulation test completed successfully
